<?xml version="1.0" encoding="UTF-8"?>
<coverage generated="1780966059736" clover="3.2.0">
  <project timestamp="1780966059736" name="All files">
    <metrics statements="69" coveredstatements="37" conditionals="68" coveredconditionals="23" methods="33" coveredmethods="21" elements="170" coveredelements="81" complexity="0" loc="69" ncloc="69" packages="5" files="7" classes="7"/>
    <package name="components">
      <metrics statements="11" coveredstatements="7" conditionals="10" coveredconditionals="3" methods="6" coveredmethods="3"/>
      <file name="Card.tsx" path="C:\Users\Vasa4\Desktop\RS_REACT_2026\src\components\Card.tsx">
        <metrics statements="1" coveredstatements="1" conditionals="2" coveredconditionals="1" methods="1" coveredmethods="1"/>
        <line num="4" count="1" type="stmt"/>
      </file>
      <file name="Modal.tsx" path="C:\Users\Vasa4\Desktop\RS_REACT_2026\src\components\Modal.tsx">
        <metrics statements="10" coveredstatements="6" conditionals="8" coveredconditionals="2" methods="5" coveredmethods="2"/>
        <line num="12" count="3" type="stmt"/>
        <line num="14" count="3" type="cond" truecount="2" falsecount="0"/>
        <line num="16" count="2" type="stmt"/>
        <line num="17" count="0" type="stmt"/>
        <line num="20" count="2" type="stmt"/>
        <line num="21" count="0" type="cond" truecount="0" falsecount="4"/>
        <line num="22" count="0" type="stmt"/>
        <line num="26" count="2" type="stmt"/>
        <line num="32" count="1" type="stmt"/>
        <line num="34" count="0" type="cond" truecount="0" falsecount="2"/>
      </file>
    </package>
    <package name="components.forms">
      <metrics statements="39" coveredstatements="15" conditionals="56" coveredconditionals="19" methods="12" coveredmethods="8"/>
      <file name="ControlledForm.tsx" path="C:\Users\Vasa4\Desktop\RS_REACT_2026\src\components\forms\ControlledForm.tsx">
        <metrics statements="13" coveredstatements="7" conditionals="22" coveredconditionals="10" methods="6" coveredmethods="4"/>
        <line num="9" count="6" type="stmt"/>
        <line num="10" count="6" type="stmt"/>
        <line num="12" count="2" type="stmt"/>
        <line num="19" count="2" type="stmt"/>
        <line num="25" count="2" type="stmt"/>
        <line num="26" count="0" type="stmt"/>
        <line num="27" count="0" type="stmt"/>
        <line num="38" count="0" type="stmt"/>
        <line num="41" count="2" type="stmt"/>
        <line num="85" count="8" type="stmt"/>
        <line num="97" count="0" type="stmt"/>
        <line num="98" count="0" type="cond" truecount="0" falsecount="2"/>
        <line num="99" count="0" type="stmt"/>
      </file>
      <file name="UncontrolledForm.tsx" path="C:\Users\Vasa4\Desktop\RS_REACT_2026\src\components\forms\UncontrolledForm.tsx">
        <metrics statements="26" coveredstatements="8" conditionals="34" coveredconditionals="9" methods="6" coveredmethods="4"/>
        <line num="10" count="1" type="stmt"/>
        <line num="11" count="3" type="stmt"/>
        <line num="12" count="3" type="stmt"/>
        <line num="13" count="1" type="stmt"/>
        <line num="15" count="1" type="stmt"/>
        <line num="16" count="0" type="stmt"/>
        <line num="17" count="0" type="cond" truecount="0" falsecount="2"/>
        <line num="18" count="0" type="stmt"/>
        <line num="19" count="0" type="stmt"/>
        <line num="22" count="1" type="stmt"/>
        <line num="23" count="0" type="stmt"/>
        <line num="24" count="0" type="stmt"/>
        <line num="26" count="0" type="stmt"/>
        <line num="38" count="0" type="stmt"/>
        <line num="39" count="0" type="stmt"/>
        <line num="41" count="0" type="cond" truecount="0" falsecount="2"/>
        <line num="42" count="0" type="stmt"/>
        <line num="43" count="0" type="stmt"/>
        <line num="44" count="0" type="stmt"/>
        <line num="45" count="0" type="cond" truecount="0" falsecount="2"/>
        <line num="47" count="0" type="stmt"/>
        <line num="48" count="0" type="stmt"/>
        <line num="51" count="0" type="stmt"/>
        <line num="62" count="0" type="stmt"/>
        <line num="65" count="1" type="stmt"/>
        <line num="104" count="4" type="stmt"/>
      </file>
    </package>
    <package name="schema">
      <metrics statements="10" coveredstatements="6" conditionals="2" coveredconditionals="1" methods="8" coveredmethods="4"/>
      <file name="formSchema.ts" path="C:\Users\Vasa4\Desktop\RS_REACT_2026\src\schema\formSchema.ts">
        <metrics statements="10" coveredstatements="6" conditionals="2" coveredconditionals="1" methods="8" coveredmethods="4"/>
        <line num="3" count="2" type="stmt"/>
        <line num="5" count="2" type="stmt"/>
        <line num="6" count="2" type="stmt"/>
        <line num="11" count="1" type="stmt"/>
        <line num="17" count="1" type="cond" truecount="1" falsecount="1"/>
        <line num="21" count="1" type="stmt"/>
        <line num="36" count="0" type="stmt"/>
        <line num="37" count="0" type="stmt"/>
        <line num="38" count="0" type="stmt"/>
        <line num="41" count="0" type="stmt"/>
      </file>
    </package>
    <package name="store">
      <metrics statements="3" coveredstatements="3" conditionals="0" coveredconditionals="0" methods="3" coveredmethods="3"/>
      <file name="useFormStore.ts" path="C:\Users\Vasa4\Desktop\RS_REACT_2026\src\store\useFormStore.ts">
        <metrics statements="3" coveredstatements="3" conditionals="0" coveredconditionals="0" methods="3" coveredmethods="3"/>
        <line num="12" count="3" type="stmt"/>
        <line num="14" count="3" type="stmt"/>
        <line num="18" count="1" type="stmt"/>
      </file>
    </package>
    <package name="utils">
      <metrics statements="6" coveredstatements="6" conditionals="0" coveredconditionals="0" methods="4" coveredmethods="3"/>
      <file name="convertToBase64.ts" path="C:\Users\Vasa4\Desktop\RS_REACT_2026\src\utils\convertToBase64.ts">
        <metrics statements="6" coveredstatements="6" conditionals="0" coveredconditionals="0" methods="4" coveredmethods="3"/>
        <line num="1" count="3" type="stmt"/>
        <line num="2" count="1" type="stmt"/>
        <line num="3" count="1" type="stmt"/>
        <line num="4" count="1" type="stmt"/>
        <line num="5" count="1" type="stmt"/>
        <line num="6" count="1" type="stmt"/>
      </file>
    </package>
  </project>
</coverage>
