{"C:\\Users\\Vasa4\\Desktop\\RS_REACT_2026\\src\\components\\Card.tsx": {"path":"C:\\Users\\Vasa4\\Desktop\\RS_REACT_2026\\src\\components\\Card.tsx","statementMap":{"0":{"start":{"line":4,"column":2},"end":{"line":16,"column":null}}},"fnMap":{"0":{"name":"SubmissionCard","decl":{"start":{"line":3,"column":9},"end":{"line":3,"column":24}},"loc":{"start":{"line":3,"column":66},"end":{"line":18,"column":null}},"line":3}},"branchMap":{"0":{"loc":{"start":{"line":6,"column":7},"end":{"line":9,"column":7}},"type":"binary-expr","locations":[{"start":{"line":6,"column":7},"end":{"line":6,"column":null}},{"start":{"line":7,"column":8},"end":{"line":9,"column":7}}],"line":6}},"s":{"0":1},"f":{"0":1},"b":{"0":[1,0]},"meta":{"lastBranch":1,"lastFunction":1,"lastStatement":1,"seen":{"f:3:9:3:24":0,"s:4:2:16:Infinity":0,"b:6:7:6:Infinity:7:8:9:7":0}}}
,"C:\\Users\\Vasa4\\Desktop\\RS_REACT_2026\\src\\components\\Modal.tsx": {"path":"C:\\Users\\Vasa4\\Desktop\\RS_REACT_2026\\src\\components\\Modal.tsx","statementMap":{"0":{"start":{"line":12,"column":8},"end":{"line":12,"column":null}},"1":{"start":{"line":14,"column":2},"end":{"line":14,"column":null}},"2":{"start":{"line":14,"column":15},"end":{"line":14,"column":null}},"3":{"start":{"line":16,"column":8},"end":{"line":18,"column":null}},"4":{"start":{"line":17,"column":4},"end":{"line":17,"column":null}},"5":{"start":{"line":20,"column":8},"end":{"line":24,"column":null}},"6":{"start":{"line":21,"column":4},"end":{"line":23,"column":null}},"7":{"start":{"line":22,"column":6},"end":{"line":22,"column":null}},"8":{"start":{"line":26,"column":2},"end":{"line":47,"column":null}},"9":{"start":{"line":32,"column":24},"end":{"line":32,"column":null}},"10":{"start":{"line":34,"column":10},"end":{"line":34,"column":null}},"11":{"start":{"line":34,"column":34},"end":{"line":34,"column":null}}},"fnMap":{"0":{"name":"Modal","decl":{"start":{"line":11,"column":9},"end":{"line":11,"column":15}},"loc":{"start":{"line":11,"column":65},"end":{"line":48,"column":null}},"line":11},"1":{"name":"(anonymous_1)","decl":{"start":{"line":16,"column":8},"end":{"line":16,"column":27}},"loc":{"start":{"line":16,"column":61},"end":{"line":18,"column":null}},"line":16},"2":{"name":"(anonymous_2)","decl":{"start":{"line":20,"column":8},"end":{"line":20,"column":23}},"loc":{"start":{"line":20,"column":57},"end":{"line":24,"column":null}},"line":20},"3":{"name":"(anonymous_3)","decl":{"start":{"line":32,"column":8},"end":{"line":32,"column":18}},"loc":{"start":{"line":32,"column":24},"end":{"line":32,"column":null}},"line":32},"4":{"name":"(anonymous_4)","decl":{"start":{"line":33,"column":8},"end":{"line":33,"column":20}},"loc":{"start":{"line":33,"column":26},"end":{"line":35,"column":null}},"line":33}},"branchMap":{"0":{"loc":{"start":{"line":14,"column":2},"end":{"line":14,"column":null}},"type":"if","locations":[{"start":{"line":14,"column":2},"end":{"line":14,"column":null}},{"start":{},"end":{}}],"line":14},"1":{"loc":{"start":{"line":21,"column":4},"end":{"line":23,"column":null}},"type":"if","locations":[{"start":{"line":21,"column":4},"end":{"line":23,"column":null}},{"start":{},"end":{}}],"line":21},"2":{"loc":{"start":{"line":21,"column":8},"end":{"line":21,"column":88}},"type":"binary-expr","locations":[{"start":{"line":21,"column":8},"end":{"line":21,"column":58}},{"start":{"line":21,"column":58},"end":{"line":21,"column":88}}],"line":21},"3":{"loc":{"start":{"line":34,"column":10},"end":{"line":34,"column":null}},"type":"if","locations":[{"start":{"line":34,"column":10},"end":{"line":34,"column":null}},{"start":{},"end":{}}],"line":34}},"s":{"0":3,"1":3,"2":1,"3":2,"4":0,"5":2,"6":0,"7":0,"8":2,"9":1,"10":0,"11":0},"f":{"0":3,"1":0,"2":0,"3":1,"4":0},"b":{"0":[1,2],"1":[0,0],"2":[0,0],"3":[0,0]},"meta":{"lastBranch":4,"lastFunction":5,"lastStatement":12,"seen":{"f:11:9:11:15":0,"s:12:8:12:Infinity":0,"b:14:2:14:Infinity:undefined:undefined:undefined:undefined":0,"s:14:2:14:Infinity":1,"s:14:15:14:Infinity":2,"s:16:8:18:Infinity":3,"f:16:8:16:27":1,"s:17:4:17:Infinity":4,"s:20:8:24:Infinity":5,"f:20:8:20:23":2,"b:21:4:23:Infinity:undefined:undefined:undefined:undefined":1,"s:21:4:23:Infinity":6,"b:21:8:21:58:21:58:21:88":2,"s:22:6:22:Infinity":7,"s:26:2:47:Infinity":8,"f:32:8:32:18":3,"s:32:24:32:Infinity":9,"f:33:8:33:20":4,"b:34:10:34:Infinity:undefined:undefined:undefined:undefined":3,"s:34:10:34:Infinity":10,"s:34:34:34:Infinity":11}}}
,"C:\\Users\\Vasa4\\Desktop\\RS_REACT_2026\\src\\components\\PasswordStrength\\PasswordStrength.tsx": {"path":"C:\\Users\\Vasa4\\Desktop\\RS_REACT_2026\\src\\components\\PasswordStrength\\PasswordStrength.tsx","statementMap":{"0":{"start":{"line":4,"column":17},"end":{"line":4,"column":null}},"1":{"start":{"line":5,"column":17},"end":{"line":5,"column":null}},"2":{"start":{"line":6,"column":17},"end":{"line":6,"column":null}},"3":{"start":{"line":7,"column":19},"end":{"line":7,"column":null}},"4":{"start":{"line":9,"column":2},"end":{"line":14,"column":null}},"5":{"start":{"line":10,"column":4},"end":{"line":13,"column":null}},"6":{"start":{"line":10,"column":30},"end":{"line":10,"column":null}},"7":{"start":{"line":11,"column":9},"end":{"line":13,"column":null}},"8":{"start":{"line":11,"column":35},"end":{"line":11,"column":null}},"9":{"start":{"line":12,"column":9},"end":{"line":13,"column":null}},"10":{"start":{"line":12,"column":35},"end":{"line":12,"column":null}},"11":{"start":{"line":13,"column":9},"end":{"line":13,"column":null}},"12":{"start":{"line":16,"column":16},"end":{"line":16,"column":null}},"13":{"start":{"line":18,"column":2},"end":{"line":23,"column":null}}},"fnMap":{"0":{"name":"PasswordStrength","decl":{"start":{"line":3,"column":9},"end":{"line":3,"column":26}},"loc":{"start":{"line":3,"column":62},"end":{"line":25,"column":null}},"line":3}},"branchMap":{"0":{"loc":{"start":{"line":10,"column":4},"end":{"line":13,"column":null}},"type":"if","locations":[{"start":{"line":10,"column":4},"end":{"line":13,"column":null}},{"start":{"line":11,"column":9},"end":{"line":13,"column":null}}],"line":10},"1":{"loc":{"start":{"line":10,"column":8},"end":{"line":10,"column":30}},"type":"binary-expr","locations":[{"start":{"line":10,"column":8},"end":{"line":10,"column":20}},{"start":{"line":10,"column":20},"end":{"line":10,"column":30}}],"line":10},"2":{"loc":{"start":{"line":11,"column":9},"end":{"line":13,"column":null}},"type":"if","locations":[{"start":{"line":11,"column":9},"end":{"line":13,"column":null}},{"start":{"line":12,"column":9},"end":{"line":13,"column":null}}],"line":11},"3":{"loc":{"start":{"line":11,"column":13},"end":{"line":11,"column":35}},"type":"binary-expr","locations":[{"start":{"line":11,"column":13},"end":{"line":11,"column":25}},{"start":{"line":11,"column":25},"end":{"line":11,"column":35}}],"line":11},"4":{"loc":{"start":{"line":12,"column":9},"end":{"line":13,"column":null}},"type":"if","locations":[{"start":{"line":12,"column":9},"end":{"line":13,"column":null}},{"start":{"line":13,"column":9},"end":{"line":13,"column":null}}],"line":12},"5":{"loc":{"start":{"line":12,"column":13},"end":{"line":12,"column":35}},"type":"binary-expr","locations":[{"start":{"line":12,"column":13},"end":{"line":12,"column":25}},{"start":{"line":12,"column":25},"end":{"line":12,"column":35}}],"line":12}},"s":{"0":7,"1":7,"2":7,"3":7,"4":7,"5":0,"6":0,"7":0,"8":0,"9":0,"10":0,"11":0,"12":7,"13":7},"f":{"0":7},"b":{"0":[0,0],"1":[0,0],"2":[0,0],"3":[0,0],"4":[0,0],"5":[0,0]},"meta":{"lastBranch":6,"lastFunction":1,"lastStatement":14,"seen":{"f:3:9:3:26":0,"s:4:17:4:Infinity":0,"s:5:17:5:Infinity":1,"s:6:17:6:Infinity":2,"s:7:19:7:Infinity":3,"s:9:2:14:Infinity":4,"b:10:4:13:Infinity:11:9:13:Infinity":0,"s:10:4:13:Infinity":5,"b:10:8:10:20:10:20:10:30":1,"s:10:30:10:Infinity":6,"b:11:9:13:Infinity:12:9:13:Infinity":2,"s:11:9:13:Infinity":7,"b:11:13:11:25:11:25:11:35":3,"s:11:35:11:Infinity":8,"b:12:9:13:Infinity:13:9:13:Infinity":4,"s:12:9:13:Infinity":9,"b:12:13:12:25:12:25:12:35":5,"s:12:35:12:Infinity":10,"s:13:9:13:Infinity":11,"s:16:16:16:Infinity":12,"s:18:2:23:Infinity":13}}}
,"C:\\Users\\Vasa4\\Desktop\\RS_REACT_2026\\src\\components\\forms\\ControlledForm.tsx": {"path":"C:\\Users\\Vasa4\\Desktop\\RS_REACT_2026\\src\\components\\forms\\ControlledForm.tsx","statementMap":{"0":{"start":{"line":10,"column":8},"end":{"line":10,"column":null}},"1":{"start":{"line":10,"column":40},"end":{"line":10,"column":51}},"2":{"start":{"line":11,"column":8},"end":{"line":11,"column":null}},"3":{"start":{"line":11,"column":44},"end":{"line":11,"column":59}},"4":{"start":{"line":13,"column":8},"end":{"line":13,"column":null}},"5":{"start":{"line":21,"column":34},"end":{"line":25,"column":null}},"6":{"start":{"line":27,"column":8},"end":{"line":27,"column":null}},"7":{"start":{"line":29,"column":19},"end":{"line":43,"column":null}},"8":{"start":{"line":30,"column":19},"end":{"line":30,"column":null}},"9":{"start":{"line":31,"column":4},"end":{"line":40,"column":null}},"10":{"start":{"line":42,"column":4},"end":{"line":42,"column":null}},"11":{"start":{"line":45,"column":2},"end":{"line":131,"column":null}},"12":{"start":{"line":89,"column":12},"end":{"line":89,"column":null}},"13":{"start":{"line":101,"column":25},"end":{"line":101,"column":null}},"14":{"start":{"line":102,"column":12},"end":{"line":104,"column":null}},"15":{"start":{"line":103,"column":14},"end":{"line":103,"column":null}}},"fnMap":{"0":{"name":"ControlledForm","decl":{"start":{"line":9,"column":9},"end":{"line":9,"column":24}},"loc":{"start":{"line":9,"column":62},"end":{"line":133,"column":null}},"line":9},"1":{"name":"(anonymous_1)","decl":{"start":{"line":10,"column":20},"end":{"line":10,"column":34}},"loc":{"start":{"line":10,"column":40},"end":{"line":10,"column":51}},"line":10},"2":{"name":"(anonymous_2)","decl":{"start":{"line":11,"column":24},"end":{"line":11,"column":38}},"loc":{"start":{"line":11,"column":44},"end":{"line":11,"column":59}},"line":11},"3":{"name":"(anonymous_3)","decl":{"start":{"line":29,"column":19},"end":{"line":29,"column":26}},"loc":{"start":{"line":29,"column":45},"end":{"line":43,"column":null}},"line":29},"4":{"name":"(anonymous_4)","decl":{"start":{"line":88,"column":21},"end":{"line":88,"column":26}},"loc":{"start":{"line":89,"column":12},"end":{"line":89,"column":null}},"line":89},"5":{"name":"(anonymous_5)","decl":{"start":{"line":100,"column":10},"end":{"line":100,"column":21}},"loc":{"start":{"line":100,"column":27},"end":{"line":105,"column":null}},"line":100}},"branchMap":{"0":{"loc":{"start":{"line":27,"column":8},"end":{"line":27,"column":null}},"type":"binary-expr","locations":[{"start":{"line":27,"column":8},"end":{"line":27,"column":62}},{"start":{"line":27,"column":62},"end":{"line":27,"column":null}}],"line":27},"1":{"loc":{"start":{"line":55,"column":7},"end":{"line":55,"column":null}},"type":"binary-expr","locations":[{"start":{"line":55,"column":7},"end":{"line":55,"column":22}},{"start":{"line":55,"column":22},"end":{"line":55,"column":null}}],"line":55},"2":{"loc":{"start":{"line":61,"column":7},"end":{"line":61,"column":null}},"type":"binary-expr","locations":[{"start":{"line":61,"column":7},"end":{"line":61,"column":21}},{"start":{"line":61,"column":21},"end":{"line":61,"column":null}}],"line":61},"3":{"loc":{"start":{"line":67,"column":7},"end":{"line":67,"column":null}},"type":"binary-expr","locations":[{"start":{"line":67,"column":7},"end":{"line":67,"column":23}},{"start":{"line":67,"column":23},"end":{"line":67,"column":null}}],"line":67},"4":{"loc":{"start":{"line":77,"column":7},"end":{"line":77,"column":null}},"type":"binary-expr","locations":[{"start":{"line":77,"column":7},"end":{"line":77,"column":24}},{"start":{"line":77,"column":24},"end":{"line":77,"column":null}}],"line":77},"5":{"loc":{"start":{"line":93,"column":7},"end":{"line":93,"column":null}},"type":"binary-expr","locations":[{"start":{"line":93,"column":7},"end":{"line":93,"column":25}},{"start":{"line":93,"column":25},"end":{"line":93,"column":null}}],"line":93},"6":{"loc":{"start":{"line":102,"column":12},"end":{"line":104,"column":null}},"type":"if","locations":[{"start":{"line":102,"column":12},"end":{"line":104,"column":null}},{"start":{},"end":{}}],"line":102},"7":{"loc":{"start":{"line":107,"column":9},"end":{"line":107,"column":null}},"type":"binary-expr","locations":[{"start":{"line":107,"column":9},"end":{"line":107,"column":25}},{"start":{"line":107,"column":25},"end":{"line":107,"column":null}}],"line":107},"8":{"loc":{"start":{"line":115,"column":7},"end":{"line":115,"column":null}},"type":"binary-expr","locations":[{"start":{"line":115,"column":7},"end":{"line":115,"column":26}},{"start":{"line":115,"column":26},"end":{"line":115,"column":null}}],"line":115},"9":{"loc":{"start":{"line":121,"column":7},"end":{"line":121,"column":null}},"type":"binary-expr","locations":[{"start":{"line":121,"column":7},"end":{"line":121,"column":33}},{"start":{"line":121,"column":33},"end":{"line":121,"column":null}}],"line":121},"10":{"loc":{"start":{"line":126,"column":7},"end":{"line":126,"column":null}},"type":"binary-expr","locations":[{"start":{"line":126,"column":7},"end":{"line":126,"column":29}},{"start":{"line":126,"column":29},"end":{"line":126,"column":null}}],"line":126},"11":{"loc":{"start":{"line":128,"column":38},"end":{"line":128,"column":63}},"type":"binary-expr","locations":[{"start":{"line":128,"column":38},"end":{"line":128,"column":53}},{"start":{"line":128,"column":53},"end":{"line":128,"column":63}}],"line":128}},"s":{"0":2,"1":6,"2":2,"3":6,"4":2,"5":2,"6":2,"7":2,"8":0,"9":0,"10":0,"11":2,"12":8,"13":0,"14":0,"15":0},"f":{"0":2,"1":6,"2":6,"3":0,"4":8,"5":0},"b":{"0":[2,2],"1":[2,0],"2":[2,0],"3":[2,0],"4":[2,0],"5":[2,0],"6":[0,0],"7":[2,0],"8":[2,0],"9":[2,0],"10":[2,0],"11":[2,0]},"meta":{"lastBranch":12,"lastFunction":6,"lastStatement":16,"seen":{"f:9:9:9:24":0,"s:10:8:10:Infinity":0,"f:10:20:10:34":1,"s:10:40:10:51":1,"s:11:8:11:Infinity":2,"f:11:24:11:38":2,"s:11:44:11:59":3,"s:13:8:13:Infinity":4,"s:21:34:25:Infinity":5,"s:27:8:27:Infinity":6,"b:27:8:27:62:27:62:27:Infinity":0,"s:29:19:43:Infinity":7,"f:29:19:29:26":3,"s:30:19:30:Infinity":8,"s:31:4:40:Infinity":9,"s:42:4:42:Infinity":10,"s:45:2:131:Infinity":11,"b:55:7:55:22:55:22:55:Infinity":1,"b:61:7:61:21:61:21:61:Infinity":2,"b:67:7:67:23:67:23:67:Infinity":3,"b:77:7:77:24:77:24:77:Infinity":4,"f:88:21:88:26":4,"s:89:12:89:Infinity":12,"b:93:7:93:25:93:25:93:Infinity":5,"f:100:10:100:21":5,"s:101:25:101:Infinity":13,"b:102:12:104:Infinity:undefined:undefined:undefined:undefined":6,"s:102:12:104:Infinity":14,"s:103:14:103:Infinity":15,"b:107:9:107:25:107:25:107:Infinity":7,"b:115:7:115:26:115:26:115:Infinity":8,"b:121:7:121:33:121:33:121:Infinity":9,"b:126:7:126:29:126:29:126:Infinity":10,"b:128:38:128:53:128:53:128:63":11}}}
,"C:\\Users\\Vasa4\\Desktop\\RS_REACT_2026\\src\\components\\forms\\UncontrolledForm.tsx": {"path":"C:\\Users\\Vasa4\\Desktop\\RS_REACT_2026\\src\\components\\forms\\UncontrolledForm.tsx","statementMap":{"0":{"start":{"line":11,"column":17},"end":{"line":11,"column":null}},"1":{"start":{"line":12,"column":8},"end":{"line":12,"column":null}},"2":{"start":{"line":12,"column":40},"end":{"line":12,"column":51}},"3":{"start":{"line":13,"column":8},"end":{"line":13,"column":null}},"4":{"start":{"line":13,"column":44},"end":{"line":13,"column":59}},"5":{"start":{"line":14,"column":22},"end":{"line":14,"column":null}},"6":{"start":{"line":15,"column":19},"end":{"line":15,"column":null}},"7":{"start":{"line":17,"column":27},"end":{"line":22,"column":null}},"8":{"start":{"line":18,"column":17},"end":{"line":18,"column":null}},"9":{"start":{"line":19,"column":4},"end":{"line":19,"column":null}},"10":{"start":{"line":19,"column":15},"end":{"line":19,"column":null}},"11":{"start":{"line":20,"column":19},"end":{"line":20,"column":null}},"12":{"start":{"line":21,"column":4},"end":{"line":21,"column":null}},"13":{"start":{"line":24,"column":23},"end":{"line":65,"column":null}},"14":{"start":{"line":25,"column":4},"end":{"line":25,"column":null}},"15":{"start":{"line":26,"column":21},"end":{"line":26,"column":null}},"16":{"start":{"line":28,"column":17},"end":{"line":38,"column":null}},"17":{"start":{"line":40,"column":10},"end":{"line":40,"column":null}},"18":{"start":{"line":41,"column":19},"end":{"line":41,"column":null}},"19":{"start":{"line":43,"column":4},"end":{"line":51,"column":null}},"20":{"start":{"line":44,"column":32},"end":{"line":44,"column":null}},"21":{"start":{"line":45,"column":6},"end":{"line":48,"column":null}},"22":{"start":{"line":46,"column":20},"end":{"line":46,"column":null}},"23":{"start":{"line":47,"column":8},"end":{"line":47,"column":null}},"24":{"start":{"line":47,"column":29},"end":{"line":47,"column":null}},"25":{"start":{"line":49,"column":6},"end":{"line":49,"column":null}},"26":{"start":{"line":50,"column":6},"end":{"line":50,"column":null}},"27":{"start":{"line":53,"column":4},"end":{"line":62,"column":null}},"28":{"start":{"line":64,"column":4},"end":{"line":64,"column":null}},"29":{"start":{"line":67,"column":2},"end":{"line":142,"column":null}},"30":{"start":{"line":106,"column":12},"end":{"line":106,"column":null}},"31":{"start":{"line":125,"column":64},"end":{"line":125,"column":94}}},"fnMap":{"0":{"name":"UncontrolledForm","decl":{"start":{"line":10,"column":9},"end":{"line":10,"column":26}},"loc":{"start":{"line":10,"column":64},"end":{"line":144,"column":null}},"line":10},"1":{"name":"(anonymous_1)","decl":{"start":{"line":12,"column":20},"end":{"line":12,"column":34}},"loc":{"start":{"line":12,"column":40},"end":{"line":12,"column":51}},"line":12},"2":{"name":"(anonymous_2)","decl":{"start":{"line":13,"column":24},"end":{"line":13,"column":38}},"loc":{"start":{"line":13,"column":44},"end":{"line":13,"column":59}},"line":13},"3":{"name":"(anonymous_3)","decl":{"start":{"line":17,"column":27},"end":{"line":17,"column":34}},"loc":{"start":{"line":17,"column":71},"end":{"line":22,"column":null}},"line":17},"4":{"name":"(anonymous_4)","decl":{"start":{"line":24,"column":23},"end":{"line":24,"column":30}},"loc":{"start":{"line":24,"column":64},"end":{"line":65,"column":null}},"line":24},"5":{"name":"(anonymous_5)","decl":{"start":{"line":105,"column":21},"end":{"line":105,"column":26}},"loc":{"start":{"line":106,"column":12},"end":{"line":106,"column":null}},"line":106},"6":{"name":"(anonymous_6)","decl":{"start":{"line":125,"column":47},"end":{"line":125,"column":58}},"loc":{"start":{"line":125,"column":64},"end":{"line":125,"column":94}},"line":125}},"branchMap":{"0":{"loc":{"start":{"line":19,"column":4},"end":{"line":19,"column":null}},"type":"if","locations":[{"start":{"line":19,"column":4},"end":{"line":19,"column":null}},{"start":{},"end":{}}],"line":19},"1":{"loc":{"start":{"line":29,"column":19},"end":{"line":29,"column":45}},"type":"binary-expr","locations":[{"start":{"line":29,"column":19},"end":{"line":29,"column":43}},{"start":{"line":29,"column":43},"end":{"line":29,"column":45}}],"line":29},"2":{"loc":{"start":{"line":31,"column":20},"end":{"line":31,"column":47}},"type":"binary-expr","locations":[{"start":{"line":31,"column":20},"end":{"line":31,"column":45}},{"start":{"line":31,"column":45},"end":{"line":31,"column":47}}],"line":31},"3":{"loc":{"start":{"line":33,"column":22},"end":{"line":33,"column":51}},"type":"binary-expr","locations":[{"start":{"line":33,"column":22},"end":{"line":33,"column":49}},{"start":{"line":33,"column":49},"end":{"line":33,"column":51}}],"line":33},"4":{"loc":{"start":{"line":34,"column":23},"end":{"line":34,"column":53}},"type":"binary-expr","locations":[{"start":{"line":34,"column":23},"end":{"line":34,"column":51}},{"start":{"line":34,"column":51},"end":{"line":34,"column":53}}],"line":34},"5":{"loc":{"start":{"line":35,"column":30},"end":{"line":35,"column":67}},"type":"binary-expr","locations":[{"start":{"line":35,"column":30},"end":{"line":35,"column":65}},{"start":{"line":35,"column":65},"end":{"line":35,"column":67}}],"line":35},"6":{"loc":{"start":{"line":43,"column":4},"end":{"line":51,"column":null}},"type":"if","locations":[{"start":{"line":43,"column":4},"end":{"line":51,"column":null}},{"start":{},"end":{}}],"line":43},"7":{"loc":{"start":{"line":47,"column":8},"end":{"line":47,"column":null}},"type":"if","locations":[{"start":{"line":47,"column":8},"end":{"line":47,"column":null}},{"start":{},"end":{}}],"line":47},"8":{"loc":{"start":{"line":77,"column":7},"end":{"line":77,"column":null}},"type":"binary-expr","locations":[{"start":{"line":77,"column":7},"end":{"line":77,"column":22}},{"start":{"line":77,"column":22},"end":{"line":77,"column":null}}],"line":77},"9":{"loc":{"start":{"line":83,"column":7},"end":{"line":83,"column":null}},"type":"binary-expr","locations":[{"start":{"line":83,"column":7},"end":{"line":83,"column":21}},{"start":{"line":83,"column":21},"end":{"line":83,"column":null}}],"line":83},"10":{"loc":{"start":{"line":89,"column":7},"end":{"line":89,"column":null}},"type":"binary-expr","locations":[{"start":{"line":89,"column":7},"end":{"line":89,"column":23}},{"start":{"line":89,"column":23},"end":{"line":89,"column":null}}],"line":89},"11":{"loc":{"start":{"line":99,"column":7},"end":{"line":99,"column":null}},"type":"binary-expr","locations":[{"start":{"line":99,"column":7},"end":{"line":99,"column":24}},{"start":{"line":99,"column":24},"end":{"line":99,"column":null}}],"line":99},"12":{"loc":{"start":{"line":110,"column":7},"end":{"line":110,"column":null}},"type":"binary-expr","locations":[{"start":{"line":110,"column":7},"end":{"line":110,"column":25}},{"start":{"line":110,"column":25},"end":{"line":110,"column":null}}],"line":110},"13":{"loc":{"start":{"line":121,"column":7},"end":{"line":121,"column":null}},"type":"binary-expr","locations":[{"start":{"line":121,"column":7},"end":{"line":121,"column":23}},{"start":{"line":121,"column":23},"end":{"line":121,"column":null}}],"line":121},"14":{"loc":{"start":{"line":128,"column":7},"end":{"line":128,"column":null}},"type":"binary-expr","locations":[{"start":{"line":128,"column":7},"end":{"line":128,"column":26}},{"start":{"line":128,"column":26},"end":{"line":128,"column":null}}],"line":128},"15":{"loc":{"start":{"line":134,"column":7},"end":{"line":134,"column":null}},"type":"binary-expr","locations":[{"start":{"line":134,"column":7},"end":{"line":134,"column":33}},{"start":{"line":134,"column":33},"end":{"line":134,"column":null}}],"line":134},"16":{"loc":{"start":{"line":139,"column":7},"end":{"line":139,"column":null}},"type":"binary-expr","locations":[{"start":{"line":139,"column":7},"end":{"line":139,"column":29}},{"start":{"line":139,"column":29},"end":{"line":139,"column":null}}],"line":139}},"s":{"0":5,"1":5,"2":15,"3":5,"4":15,"5":5,"6":5,"7":5,"8":1,"9":1,"10":0,"11":1,"12":1,"13":5,"14":1,"15":1,"16":1,"17":1,"18":1,"19":1,"20":1,"21":1,"22":9,"23":9,"24":8,"25":1,"26":1,"27":0,"28":0,"29":5,"30":20,"31":0},"f":{"0":5,"1":15,"2":15,"3":1,"4":1,"5":20,"6":0},"b":{"0":[0,1],"1":[1,0],"2":[1,0],"3":[1,0],"4":[1,0],"5":[1,0],"6":[1,0],"7":[8,1],"8":[5,1],"9":[5,0],"10":[5,1],"11":[5,1],"12":[5,1],"13":[5,1],"14":[5,1],"15":[5,1],"16":[5,1]},"meta":{"lastBranch":17,"lastFunction":7,"lastStatement":32,"seen":{"f:10:9:10:26":0,"s:11:17:11:Infinity":0,"s:12:8:12:Infinity":1,"f:12:20:12:34":1,"s:12:40:12:51":2,"s:13:8:13:Infinity":3,"f:13:24:13:38":2,"s:13:44:13:59":4,"s:14:22:14:Infinity":5,"s:15:19:15:Infinity":6,"s:17:27:22:Infinity":7,"f:17:27:17:34":3,"s:18:17:18:Infinity":8,"b:19:4:19:Infinity:undefined:undefined:undefined:undefined":0,"s:19:4:19:Infinity":9,"s:19:15:19:Infinity":10,"s:20:19:20:Infinity":11,"s:21:4:21:Infinity":12,"s:24:23:65:Infinity":13,"f:24:23:24:30":4,"s:25:4:25:Infinity":14,"s:26:21:26:Infinity":15,"s:28:17:38:Infinity":16,"b:29:19:29:43:29:43:29:45":1,"b:31:20:31:45:31:45:31:47":2,"b:33:22:33:49:33:49:33:51":3,"b:34:23:34:51:34:51:34:53":4,"b:35:30:35:65:35:65:35:67":5,"s:40:10:40:Infinity":17,"s:41:19:41:Infinity":18,"b:43:4:51:Infinity:undefined:undefined:undefined:undefined":6,"s:43:4:51:Infinity":19,"s:44:32:44:Infinity":20,"s:45:6:48:Infinity":21,"s:46:20:46:Infinity":22,"b:47:8:47:Infinity:undefined:undefined:undefined:undefined":7,"s:47:8:47:Infinity":23,"s:47:29:47:Infinity":24,"s:49:6:49:Infinity":25,"s:50:6:50:Infinity":26,"s:53:4:62:Infinity":27,"s:64:4:64:Infinity":28,"s:67:2:142:Infinity":29,"b:77:7:77:22:77:22:77:Infinity":8,"b:83:7:83:21:83:21:83:Infinity":9,"b:89:7:89:23:89:23:89:Infinity":10,"b:99:7:99:24:99:24:99:Infinity":11,"f:105:21:105:26":5,"s:106:12:106:Infinity":30,"b:110:7:110:25:110:25:110:Infinity":12,"b:121:7:121:23:121:23:121:Infinity":13,"f:125:47:125:58":6,"s:125:64:125:94":31,"b:128:7:128:26:128:26:128:Infinity":14,"b:134:7:134:33:134:33:134:Infinity":15,"b:139:7:139:29:139:29:139:Infinity":16}}}
,"C:\\Users\\Vasa4\\Desktop\\RS_REACT_2026\\src\\schema\\formSchema.ts": {"path":"C:\\Users\\Vasa4\\Desktop\\RS_REACT_2026\\src\\schema\\formSchema.ts","statementMap":{"0":{"start":{"line":3,"column":22},"end":{"line":3,"column":null}},"1":{"start":{"line":5,"column":13},"end":{"line":44,"column":null}},"2":{"start":{"line":6,"column":2},"end":{"line":44,"column":null}},"3":{"start":{"line":11,"column":23},"end":{"line":11,"column":53}},"4":{"start":{"line":17,"column":23},"end":{"line":17,"column":74}},"5":{"start":{"line":21,"column":40},"end":{"line":21,"column":63}},"6":{"start":{"line":36,"column":23},"end":{"line":36,"column":35}},"7":{"start":{"line":37,"column":23},"end":{"line":37,"column":50}},"8":{"start":{"line":38,"column":23},"end":{"line":38,"column":69}},"9":{"start":{"line":41,"column":19},"end":{"line":41,"column":53}}},"fnMap":{"0":{"name":"(anonymous_0)","decl":{"start":{"line":5,"column":13},"end":{"line":5,"column":33}},"loc":{"start":{"line":6,"column":2},"end":{"line":44,"column":null}},"line":6},"1":{"name":"(anonymous_1)","decl":{"start":{"line":11,"column":9},"end":{"line":11,"column":17}},"loc":{"start":{"line":11,"column":23},"end":{"line":11,"column":53}},"line":11},"2":{"name":"(anonymous_2)","decl":{"start":{"line":17,"column":9},"end":{"line":17,"column":17}},"loc":{"start":{"line":17,"column":23},"end":{"line":17,"column":74}},"line":17},"3":{"name":"(anonymous_3)","decl":{"start":{"line":21,"column":26},"end":{"line":21,"column":34}},"loc":{"start":{"line":21,"column":40},"end":{"line":21,"column":63}},"line":21},"4":{"name":"(anonymous_4)","decl":{"start":{"line":36,"column":9},"end":{"line":36,"column":17}},"loc":{"start":{"line":36,"column":23},"end":{"line":36,"column":35}},"line":36},"5":{"name":"(anonymous_5)","decl":{"start":{"line":37,"column":9},"end":{"line":37,"column":17}},"loc":{"start":{"line":37,"column":23},"end":{"line":37,"column":50}},"line":37},"6":{"name":"(anonymous_6)","decl":{"start":{"line":38,"column":9},"end":{"line":38,"column":17}},"loc":{"start":{"line":38,"column":23},"end":{"line":38,"column":69}},"line":38},"7":{"name":"(anonymous_7)","decl":{"start":{"line":41,"column":5},"end":{"line":41,"column":13}},"loc":{"start":{"line":41,"column":19},"end":{"line":41,"column":53}},"line":41}},"branchMap":{"0":{"loc":{"start":{"line":17,"column":23},"end":{"line":17,"column":74}},"type":"binary-expr","locations":[{"start":{"line":17,"column":23},"end":{"line":17,"column":42}},{"start":{"line":17,"column":42},"end":{"line":17,"column":74}}],"line":17}},"s":{"0":2,"1":2,"2":3,"3":2,"4":2,"5":2,"6":1,"7":1,"8":1,"9":0},"f":{"0":3,"1":2,"2":2,"3":2,"4":1,"5":1,"6":1,"7":0},"b":{"0":[2,0]},"meta":{"lastBranch":1,"lastFunction":8,"lastStatement":10,"seen":{"s:3:22:3:Infinity":0,"s:5:13:44:Infinity":1,"f:5:13:5:33":0,"s:6:2:44:Infinity":2,"f:11:9:11:17":1,"s:11:23:11:53":3,"f:17:9:17:17":2,"s:17:23:17:74":4,"b:17:23:17:42:17:42:17:74":0,"f:21:26:21:34":3,"s:21:40:21:63":5,"f:36:9:36:17":4,"s:36:23:36:35":6,"f:37:9:37:17":5,"s:37:23:37:50":7,"f:38:9:38:17":6,"s:38:23:38:69":8,"f:41:5:41:13":7,"s:41:19:41:53":9}}}
,"C:\\Users\\Vasa4\\Desktop\\RS_REACT_2026\\src\\store\\useFormStore.ts": {"path":"C:\\Users\\Vasa4\\Desktop\\RS_REACT_2026\\src\\store\\useFormStore.ts","statementMap":{"0":{"start":{"line":12,"column":18},"end":{"line":12,"column":null}},"1":{"start":{"line":14,"column":13},"end":{"line":24,"column":null}},"2":{"start":{"line":14,"column":58},"end":{"line":24,"column":2}},"3":{"start":{"line":18,"column":4},"end":{"line":23,"column":null}},"4":{"start":{"line":18,"column":20},"end":{"line":23,"column":6}}},"fnMap":{"0":{"name":"(anonymous_0)","decl":{"start":{"line":14,"column":46},"end":{"line":14,"column":49}},"loc":{"start":{"line":14,"column":58},"end":{"line":24,"column":2}},"line":14},"1":{"name":"(anonymous_1)","decl":{"start":{"line":17,"column":2},"end":{"line":17,"column":18}},"loc":{"start":{"line":18,"column":4},"end":{"line":23,"column":null}},"line":18},"2":{"name":"(anonymous_2)","decl":{"start":{"line":18,"column":4},"end":{"line":18,"column":9}},"loc":{"start":{"line":18,"column":20},"end":{"line":23,"column":6}},"line":18}},"branchMap":{},"s":{"0":3,"1":3,"2":3,"3":1,"4":1},"f":{"0":3,"1":1,"2":1},"b":{},"meta":{"lastBranch":0,"lastFunction":3,"lastStatement":5,"seen":{"s:12:18:12:Infinity":0,"s:14:13:24:Infinity":1,"f:14:46:14:49":0,"s:14:58:24:2":2,"f:17:2:17:18":1,"s:18:4:23:Infinity":3,"f:18:4:18:9":2,"s:18:20:23:6":4}}}
,"C:\\Users\\Vasa4\\Desktop\\RS_REACT_2026\\src\\utils\\convertToBase64.ts": {"path":"C:\\Users\\Vasa4\\Desktop\\RS_REACT_2026\\src\\utils\\convertToBase64.ts","statementMap":{"0":{"start":{"line":1,"column":13},"end":{"line":8,"column":null}},"1":{"start":{"line":2,"column":2},"end":{"line":7,"column":null}},"2":{"start":{"line":3,"column":23},"end":{"line":3,"column":null}},"3":{"start":{"line":4,"column":4},"end":{"line":4,"column":null}},"4":{"start":{"line":5,"column":4},"end":{"line":5,"column":null}},"5":{"start":{"line":5,"column":30},"end":{"line":5,"column":null}},"6":{"start":{"line":6,"column":4},"end":{"line":6,"column":null}},"7":{"start":{"line":6,"column":36},"end":{"line":6,"column":null}}},"fnMap":{"0":{"name":"(anonymous_0)","decl":{"start":{"line":1,"column":13},"end":{"line":1,"column":32}},"loc":{"start":{"line":1,"column":64},"end":{"line":8,"column":null}},"line":1},"1":{"name":"(anonymous_1)","decl":{"start":{"line":2,"column":13},"end":{"line":2,"column":22}},"loc":{"start":{"line":2,"column":42},"end":{"line":7,"column":3}},"line":2},"2":{"name":"(anonymous_2)","decl":{"start":{"line":5,"column":15},"end":{"line":5,"column":30}},"loc":{"start":{"line":5,"column":30},"end":{"line":5,"column":null}},"line":5},"3":{"name":"(anonymous_3)","decl":{"start":{"line":6,"column":15},"end":{"line":6,"column":26}},"loc":{"start":{"line":6,"column":36},"end":{"line":6,"column":null}},"line":6}},"branchMap":{},"s":{"0":3,"1":2,"2":2,"3":2,"4":2,"5":2,"6":2,"7":0},"f":{"0":2,"1":2,"2":2,"3":0},"b":{},"meta":{"lastBranch":0,"lastFunction":4,"lastStatement":8,"seen":{"s:1:13:8:Infinity":0,"f:1:13:1:32":0,"s:2:2:7:Infinity":1,"f:2:13:2:22":1,"s:3:23:3:Infinity":2,"s:4:4:4:Infinity":3,"s:5:4:5:Infinity":4,"f:5:15:5:30":2,"s:5:30:5:Infinity":5,"s:6:4:6:Infinity":6,"f:6:15:6:26":3,"s:6:36:6:Infinity":7}}}
}
